Using pre-set license
Built from '2020.3/staging' branch; Version is '2020.3.9f1 (108be757e447) revision 1084391'; Using compiler version '192528614'; Build Type 'Release'
OS: 'Windows 10 Home Single Language; OS build 19043.1237; Version 2009; 64bit' Language: 'ru' Physical Memory: 7549 MB
BatchMode: 1, IsHumanControllingUs: 0, StartBugReporterOnCrash: 0, Is64bit: 1, IsPro: 0

 COMMAND LINE ARGUMENTS:
C:\Program Files\Unity\Hub\Editor\2020.3.9f1\Editor\Unity.exe
-adb2
-batchMode
-noUpm
-name
AssetImportWorker0
-projectPath
C:/Users/cavid/OneDrive/Рабочий стол/Projects/Unity/UnityAnimationTemplate/AnimationTemplate
-logFile
Logs/AssetImportWorker0.log
-srvPort
58189
Successfully changed project path to: C:/Users/cavid/OneDrive/Рабочий стол/Projects/Unity/UnityAnimationTemplate/AnimationTemplate
C:/Users/cavid/OneDrive/Рабочий стол/Projects/Unity/UnityAnimationTemplate/AnimationTemplate
Using Asset Import Pipeline V2.
Refreshing native plugins compatible for Editor in 37.04 ms, found 0 plugins.
Preloading 0 native plugins for Editor in 0.00 ms.
Initialize engine version: 2020.3.9f1 (108be757e447)
[Subsystems] Discovering subsystems at path C:/Program Files/Unity/Hub/Editor/2020.3.9f1/Editor/Data/Resources/UnitySubsystems
[Subsystems] Discovering subsystems at path C:/Users/cavid/OneDrive/Рабочий стол/Projects/Unity/UnityAnimationTemplate/AnimationTemplate/Assets
GfxDevice: creating device client; threaded=0
Direct3D:
    Version:  Direct3D 11.0 [level 11.1]
    Renderer: NVIDIA GeForce GTX 1660 Ti (ID=0x2191)
    Vendor:   
    VRAM:     5991 MB
    Driver:   30.0.14.7212
Initialize mono
Mono path[0] = 'C:/Program Files/Unity/Hub/Editor/2020.3.9f1/Editor/Data/Managed'
Mono path[1] = 'C:/Program Files/Unity/Hub/Editor/2020.3.9f1/Editor/Data/MonoBleedingEdge/lib/mono/unityjit'
Mono config path = 'C:/Program Files/Unity/Hub/Editor/2020.3.9f1/Editor/Data/MonoBleedingEdge/etc'
Using monoOptions --debugger-agent=transport=dt_socket,embedding=1,server=y,suspend=n,address=127.0.0.1:56936
Begin MonoManager ReloadAssembly
Registering precompiled unity dll's ...
Register platform support module: C:/Program Files/Unity/Hub/Editor/2020.3.9f1/Editor/Data/PlaybackEngines/WindowsStandaloneSupport/UnityEditor.WindowsStandalone.Extensions.dll
Registered in 0.001673 seconds.
Native extension for WindowsStandalone target not found
Refreshing native plugins compatible for Editor in 28.76 ms, found 0 plugins.
Preloading 0 native plugins for Editor in 0.00 ms.
Mono: successfully reloaded assembly
- Completed reload, in  1.853 seconds
Platform modules already initialized, skipping
Registering precompiled user dll's ...
Registered in 0.000691 seconds.
Begin MonoManager ReloadAssembly
Native extension for WindowsStandalone target not found
Refreshing native plugins compatible for Editor in 0.24 ms, found 0 plugins.
Preloading 0 native plugins for Editor in 0.00 ms.
Mono: successfully reloaded assembly
- Completed reload, in  0.999 seconds
Platform modules already initialized, skipping
========================================================================
Worker process is ready to serve import requests
Launched and connected shader compiler UnityShaderCompiler.exe after 0.05 seconds
Refreshing native plugins compatible for Editor in 0.24 ms, found 0 plugins.
Preloading 0 native plugins for Editor in 0.00 ms.
Unloading 1116 Unused Serialized files (Serialized files now loaded: 0)
System memory in use before: 57.4 MB.
System memory in use after: 57.5 MB.

Unloading 9 unused Assets to reduce memory usage. Loaded Objects now: 1559.
Total: 3.057900 ms (FindLiveObjects: 0.194100 ms CreateObjectMapping: 0.037400 ms MarkObjects: 2.732600 ms  DeleteObjects: 0.089700 ms)

========================================================================
Received Import Request.
  path: Assets/PlayerMovementController.cs
  artifactKey: Guid(b4ebd589949922944a864c337374b108) Importer(815301076,1909f56bfc062723c751e8b465ee728b)
Start importing Assets/PlayerMovementController.cs using Guid(b4ebd589949922944a864c337374b108) Importer(815301076,1909f56bfc062723c751e8b465ee728b)  -> (artifact id: '39c02284ded0348b21ea82e1ac450a87') in 0.039566 seconds
  Import took 0.042014 seconds .

========================================================================
Received Import Request.
  Time since last request: 51.724250 seconds.
  path: Assets/YbotAnimationsFull
  artifactKey: Guid(ee3be1803bf4863409447ddfc7059574) Importer(815301076,1909f56bfc062723c751e8b465ee728b)
Start importing Assets/YbotAnimationsFull using Guid(ee3be1803bf4863409447ddfc7059574) Importer(815301076,1909f56bfc062723c751e8b465ee728b)  -> (artifact id: '0483f0404de1e0ea6a50c7cf1b9732a2') in 0.008559 seconds
  Import took 0.011531 seconds .

========================================================================
Received Import Request.
  Time since last request: 0.071030 seconds.
  path: Assets/YbotAnimationsFull/RunBackLeft.fbx
  artifactKey: Guid(874abfa1a8700724bb89fd276f783e92) Importer(815301076,1909f56bfc062723c751e8b465ee728b)
Start importing Assets/YbotAnimationsFull/RunBackLeft.fbx using Guid(874abfa1a8700724bb89fd276f783e92) Importer(815301076,1909f56bfc062723c751e8b465ee728b)  -> (artifact id: '682cb300cc0dbf42d75e9aa9ecfafc5d') in 0.131940 seconds
  Import took 0.134545 seconds .

========================================================================
Received Import Request.
  Time since last request: 0.000386 seconds.
  path: Assets/YbotAnimationsFull/RunBackRight.fbx
  artifactKey: Guid(783817ce8d7008e4bb89572e9d439c51) Importer(815301076,1909f56bfc062723c751e8b465ee728b)
Start importing Assets/YbotAnimationsFull/RunBackRight.fbx using Guid(783817ce8d7008e4bb89572e9d439c51) Importer(815301076,1909f56bfc062723c751e8b465ee728b)  -> (artifact id: '530930fa84a627b1dd1595a523f6c337') in 0.013002 seconds
  Import took 0.015621 seconds .

========================================================================
Received Import Request.
  Time since last request: 0.000300 seconds.
  path: Assets/YbotAnimationsFull/RunBackWard.fbx
  artifactKey: Guid(e0114232940dfb84f8a7ce1630031d7a) Importer(815301076,1909f56bfc062723c751e8b465ee728b)
Start importing Assets/YbotAnimationsFull/RunBackWard.fbx using Guid(e0114232940dfb84f8a7ce1630031d7a) Importer(815301076,1909f56bfc062723c751e8b465ee728b)  -> (artifact id: 'aad93f9f70c4482e4cf4cb9849cf215d') in 0.012922 seconds
  Import took 0.015672 seconds .

========================================================================
Received Import Request.
  Time since last request: 0.000245 seconds.
  path: Assets/YbotAnimationsFull/RunLeft.fbx
  artifactKey: Guid(302ec4ef2cd76de40bce38c006fb6f28) Importer(815301076,1909f56bfc062723c751e8b465ee728b)
Start importing Assets/YbotAnimationsFull/RunLeft.fbx using Guid(302ec4ef2cd76de40bce38c006fb6f28) Importer(815301076,1909f56bfc062723c751e8b465ee728b)  -> (artifact id: 'cce1d28f473aadba40d02b53b0901458') in 0.012824 seconds
  Import took 0.016048 seconds .

========================================================================
Received Import Request.
  Time since last request: 0.000257 seconds.
  path: Assets/YbotAnimationsFull/RunForwardRight.fbx
  artifactKey: Guid(6f06b592112e39147a972cb693d90ce2) Importer(815301076,1909f56bfc062723c751e8b465ee728b)
Start importing Assets/YbotAnimationsFull/RunForwardRight.fbx using Guid(6f06b592112e39147a972cb693d90ce2) Importer(815301076,1909f56bfc062723c751e8b465ee728b)  -> (artifact id: '696e3b7d5099f5432c2e30f13231b65e') in 0.013075 seconds
  Import took 0.015684 seconds .

========================================================================
Received Import Request.
  Time since last request: 0.000331 seconds.
  path: Assets/YbotAnimationsFull/RunForwardLeft.fbx
  artifactKey: Guid(b84e9672e581f704f8c62b9d31b7ffac) Importer(815301076,1909f56bfc062723c751e8b465ee728b)
Start importing Assets/YbotAnimationsFull/RunForwardLeft.fbx using Guid(b84e9672e581f704f8c62b9d31b7ffac) Importer(815301076,1909f56bfc062723c751e8b465ee728b)  -> (artifact id: 'e71114145c639026ba0f23241f4e78a3') in 0.012303 seconds
  Import took 0.015821 seconds .

========================================================================
Received Import Request.
  Time since last request: 0.000226 seconds.
  path: Assets/YbotAnimationsFull/ybot.fbx
  artifactKey: Guid(20370dc5cf456d74187af9d6354b94ef) Importer(815301076,1909f56bfc062723c751e8b465ee728b)
Start importing Assets/YbotAnimationsFull/ybot.fbx using Guid(20370dc5cf456d74187af9d6354b94ef) Importer(815301076,1909f56bfc062723c751e8b465ee728b)  -> (artifact id: 'a8cb117133ddc83ebf5519f1b0d18057') in 0.482827 seconds
  Import took 0.485539 seconds .

========================================================================
Received Import Request.
  Time since last request: 0.000333 seconds.
  path: Assets/YbotAnimationsFull/RunForward.fbx
  artifactKey: Guid(6b62c065d4b79db4f8bdbb2bbe3d0f77) Importer(815301076,1909f56bfc062723c751e8b465ee728b)
Start importing Assets/YbotAnimationsFull/RunForward.fbx using Guid(6b62c065d4b79db4f8bdbb2bbe3d0f77) Importer(815301076,1909f56bfc062723c751e8b465ee728b)  -> (artifact id: 'b6e3459c5341b0fb0c4c14eecb89d477') in 0.012818 seconds
  Import took 0.015583 seconds .

========================================================================
Received Import Request.
  Time since last request: 0.000397 seconds.
  path: Assets/YbotAnimationsFull/İdle.fbx
  artifactKey: Guid(cd3f805f38e875b4fa8dcbd2beb6c92a) Importer(815301076,1909f56bfc062723c751e8b465ee728b)
Start importing Assets/YbotAnimationsFull/İdle.fbx using Guid(cd3f805f38e875b4fa8dcbd2beb6c92a) Importer(815301076,1909f56bfc062723c751e8b465ee728b)  -> (artifact id: 'dfd872b55be188db7ffe1fcf004f7810') in 0.013945 seconds
  Import took 0.016684 seconds .

========================================================================
Received Import Request.
  Time since last request: 0.000328 seconds.
  path: Assets/YbotAnimationsFull/RunRight.fbx
  artifactKey: Guid(9f32d37befaeb874c9162d30e9ac1df4) Importer(815301076,1909f56bfc062723c751e8b465ee728b)
Start importing Assets/YbotAnimationsFull/RunRight.fbx using Guid(9f32d37befaeb874c9162d30e9ac1df4) Importer(815301076,1909f56bfc062723c751e8b465ee728b)  -> (artifact id: 'cb96711741e9b683c1fe87fcab754c23') in 0.013241 seconds
  Import took 0.015842 seconds .

========================================================================
Received Import Request.
  Time since last request: 6.192878 seconds.
  path: Assets/YbotAnimationsFull/PlayerAnimator.controller
  artifactKey: Guid(94b087b510701c042afc3e126b588243) Importer(815301076,1909f56bfc062723c751e8b465ee728b)
Start importing Assets/YbotAnimationsFull/PlayerAnimator.controller using Guid(94b087b510701c042afc3e126b588243) Importer(815301076,1909f56bfc062723c751e8b465ee728b)  -> (artifact id: '02dd892ab8677422f51fba34e18d2405') in 0.021296 seconds
  Import took 0.024899 seconds .

========================================================================
Received Import Request.
  Time since last request: 3.733490 seconds.
  path: Assets/Scenes
  artifactKey: Guid(69dacd4c4ad57b941b0fd3d42ecbbc0b) Importer(815301076,1909f56bfc062723c751e8b465ee728b)
Start importing Assets/Scenes using Guid(69dacd4c4ad57b941b0fd3d42ecbbc0b) Importer(815301076,1909f56bfc062723c751e8b465ee728b)  -> (artifact id: 'b948e02a0adae30914acd775378cb1e5') in 0.007512 seconds
  Import took 0.010636 seconds .

========================================================================
Received Import Request.
  Time since last request: 0.666450 seconds.
  path: Assets/Scenes/SampleScene.unity
  artifactKey: Guid(9fc0d4010bbf28b4594072e72b8655ab) Importer(815301076,1909f56bfc062723c751e8b465ee728b)
Start importing Assets/Scenes/SampleScene.unity using Guid(9fc0d4010bbf28b4594072e72b8655ab) Importer(815301076,1909f56bfc062723c751e8b465ee728b)  -> (artifact id: '1be1a7fd2af042822968f8d844d1d9e2') in 0.013519 seconds
  Import took 0.016489 seconds .

========================================================================
Received Prepare
Registering precompiled user dll's ...
Registered in 0.000801 seconds.
Begin MonoManager ReloadAssembly
Native extension for WindowsStandalone target not found
Refreshing native plugins compatible for Editor in 0.26 ms, found 0 plugins.
Preloading 0 native plugins for Editor in 0.00 ms.
Mono: successfully reloaded assembly
- Completed reload, in  0.988 seconds
Platform modules already initialized, skipping
Refreshing native plugins compatible for Editor in 0.38 ms, found 0 plugins.
Preloading 0 native plugins for Editor in 0.00 ms.
Unloading 1110 Unused Serialized files (Serialized files now loaded: 0)
System memory in use before: 74.4 MB.
System memory in use after: 74.5 MB.

Unloading 4 unused Assets to reduce memory usage. Loaded Objects now: 1606.
Total: 2.397000 ms (FindLiveObjects: 0.341600 ms CreateObjectMapping: 0.049300 ms MarkObjects: 1.983700 ms  DeleteObjects: 0.020600 ms)

